[2024-06-02T10:31:41.056367+02:00] elephant.io.INFO: Connecting to server [] []
[2024-06-02T10:31:41.058492+02:00] elephant.io.INFO: Starting handshake [] []
[2024-06-02T10:31:41.060306+02:00] elephant.io.INFO: Stream connect: tcp://localhost:3000 [] []
[2024-06-02T10:31:41.063047+02:00] elephant.io.DEBUG: Stream write: GET /socket.io/?EIO=4&transport=websocket&t=O_O4sN8 HTTP/1.1 [] []
[2024-06-02T10:31:41.063151+02:00] elephant.io.DEBUG: Stream write: Host: localhost:3000 [] []
[2024-06-02T10:31:41.063200+02:00] elephant.io.DEBUG: Stream write: Upgrade: websocket [] []
[2024-06-02T10:31:41.063234+02:00] elephant.io.DEBUG: Stream write: Connection: Upgrade [] []
[2024-06-02T10:31:41.063264+02:00] elephant.io.DEBUG: Stream write: Sec-WebSocket-Key: 253n3cEy235OVdTmgGir/w== [] []
[2024-06-02T10:31:41.063297+02:00] elephant.io.DEBUG: Stream write: Sec-WebSocket-Version: 13 [] []
[2024-06-02T10:31:41.063327+02:00] elephant.io.DEBUG: Stream write: Origin: * [] []
[2024-06-02T10:31:41.063356+02:00] elephant.io.DEBUG: Stream write:  [] []
[2024-06-02T10:31:41.063386+02:00] elephant.io.DEBUG: Stream write:  [] []
[2024-06-02T10:31:41.065658+02:00] elephant.io.DEBUG: Stream receive: HTTP/1.1 101 Switching Protocols  [] []
[2024-06-02T10:31:41.065984+02:00] elephant.io.DEBUG: Stream receive: Upgrade: websocket  [] []
[2024-06-02T10:31:41.066305+02:00] elephant.io.DEBUG: Stream receive: Connection: Upgrade  [] []
[2024-06-02T10:31:41.066614+02:00] elephant.io.DEBUG: Stream receive: Sec-WebSocket-Accept: OcU56gnKHxQE/lWOeDxFRM7aQVs=  [] []
[2024-06-02T10:31:41.066962+02:00] elephant.io.DEBUG: Stream receive: Access-Control-Allow-Origin: http://localhost:8080  [] []
[2024-06-02T10:31:41.067344+02:00] elephant.io.DEBUG: Stream receive: Vary: Origin  [] []
[2024-06-02T10:31:41.067643+02:00] elephant.io.DEBUG: Stream receive:   [] []
[2024-06-02T10:31:41.068496+02:00] elephant.io.DEBUG: Stream receive: Åk [] []
[2024-06-02T10:31:41.068612+02:00] elephant.io.DEBUG: Stream receive: 0{"sid":"xteAr61NXMYAMeQfAAAC","upgrades":[],"pingInterval":25000,"pingTimeout":20000,"maxPayload":1... 7 more [] []
[2024-06-02T10:31:41.069319+02:00] elephant.io.DEBUG: Got data: 0{"sid":"xteAr61NXMYAMeQfAAAC","upgrades":[],"pingInterval":25000,"pingTimeout":20000,"maxPayload":1... 7 more [] []
[2024-06-02T10:31:41.070400+02:00] elephant.io.INFO: Got packet: OPEN{"data":{"sid":"xteAr61NXMYAMeQfAAAC","upgrades":{},"pingInterval":25000,"pingTimeout":20000,"ma... 19 more [] []
[2024-06-02T10:31:41.071197+02:00] elephant.io.INFO: Handshake finished with SESSION{"id":"xteAr61NXMYAMeQfAAAC","upgrades":{},"timeouts":{"interval":25,"timeout":20},"max_payload":1000000} [] []
[2024-06-02T10:31:41.071351+02:00] elephant.io.INFO: Starting namespace connect [] []
[2024-06-02T10:31:41.071620+02:00] elephant.io.DEBUG: Send data: 40 [] []
[2024-06-02T10:31:41.073912+02:00] elephant.io.DEBUG: Stream write: ÅÇH†Î˝|ê [] []
[2024-06-02T10:31:41.074721+02:00] elephant.io.DEBUG: Stream receive: Å  [] []
[2024-06-02T10:31:41.074810+02:00] elephant.io.DEBUG: Stream receive: 44{"message":"invalid username"} [] []
[2024-06-02T10:31:41.074888+02:00] elephant.io.DEBUG: Got data: 44{"message":"invalid username"} [] []
[2024-06-02T10:31:41.074983+02:00] elephant.io.INFO: Got packet: MESSAGE{"type":"error","nsp":"","data":{"message":"invalid username"}} [] []
[2024-06-02T10:31:41.075234+02:00] elephant.io.INFO: Closing connection to server [] []
[2024-06-02T10:31:41.075300+02:00] elephant.io.DEBUG: Send data: 1 [] []
[2024-06-02T10:31:41.075414+02:00] elephant.io.DEBUG: Stream write: ÅÅí¡$# [] []
